26.02.2021 08:09:11 (s1040) : DRAWING PARTS DELETED: W   [162]
26.02.2021 08:09:11 (s1040) : DRAWING DELETED: W   [162]
26.02.2021 08:18:00 (s1040) : DRAWING PARTS DELETED: W   [153]
26.02.2021 08:18:00 (s1040) : DRAWING DELETED: W   [153]
26.02.2021 08:18:29 (s1040) : DRAWING PARTS DELETED: W   [342]
26.02.2021 08:18:29 (s1040) : DRAWING DELETED: W   [342]
26.02.2021 08:18:29 (s1040) : DRAWING PARTS DELETED: W   [49]
26.02.2021 08:18:29 (s1040) : DRAWING DELETED: W   [49]
26.02.2021 08:19:02 (s1040) : DRAWING DELETED: W   [153]
26.02.2021 08:19:02 (s1040) : DRAWING DELETED: W   [342]
26.02.2021 08:34:06 (s1040) : DRAWING PARTS DELETED: W   [375]
26.02.2021 08:34:06 (s1040) : DRAWING DELETED: W   [375]
26.02.2021 11:14:07 (S1042) : DRAWING PARTS DELETED: A   [B.29]
26.02.2021 11:14:07 (S1042) : DRAWING PARTS DELETED: A   [B.17]
26.02.2021 11:14:20 (S1042) : DRAWING PARTS DELETED: A   [B.30]
26.02.2021 11:14:25 (S1042) : DRAWING PARTS DELETED: A   [B.45]
26.02.2021 11:14:25 (S1042) : DRAWING PARTS DELETED: A   [B.36]
26.02.2021 11:15:11 (S1042) : DRAWING PARTS DELETED: A   [B.18]
26.02.2021 11:26:22 (S1042) : DRAWING PARTS DELETED: W   [375]
26.02.2021 11:26:37 (S1042) : DRAWING PARTS DELETED: A   [B.31]
26.02.2021 11:26:38 (S1042) : DRAWING PARTS DELETED: A   [B.19]
26.02.2021 11:26:43 (S1042) : DRAWING PARTS DELETED: A   [B.32]
26.02.2021 11:26:44 (S1042) : DRAWING PARTS DELETED: A   [B.20]
26.02.2021 11:26:57 (S1042) : DRAWING PARTS DELETED: A   [B.46]
26.02.2021 11:26:57 (S1042) : DRAWING PARTS DELETED: A   [B.37]
26.02.2021 11:27:22 (S1042) : DRAWING PARTS DELETED: W   [49]
27.02.2021 14:24:28 (S1042) : DRAWING PARTS DELETED: A   [B.41]
27.02.2021 14:24:31 (S1042) : DRAWING PARTS DELETED: A   [B.42]
27.02.2021 14:24:36 (S1042) : DRAWING PARTS DELETED: A   [B.51]
27.02.2021 14:24:36 (S1042) : DRAWING PARTS DELETED: A   [B.52]
27.02.2021 14:24:42 (S1042) : DRAWING PARTS DELETED: A   [B.59]
27.02.2021 14:24:42 (S1042) : DRAWING PARTS DELETED: A   [B.60]
27.02.2021 14:24:45 (S1042) : DRAWING PARTS DELETED: A   [B.14]
27.02.2021 14:24:48 (S1042) : DRAWING PARTS DELETED: A   [B.72]
27.02.2021 14:24:48 (S1042) : DRAWING PARTS DELETED: A   [B.73]
27.02.2021 14:26:37 (s1040) : DRAWING PARTS DELETED: A   [B.70]
